15:41:15.372 [main] INFO  testCases.TC001_AccountRegistrationTest - **********Starting  TC001_AccountRegistrationTest********************
15:41:15.492 [main] INFO  testCases.TC001_AccountRegistrationTest - clicked on MyACC link
15:41:15.830 [main] INFO  testCases.TC001_AccountRegistrationTest - clicked on Register link
15:41:15.833 [main] INFO  testCases.TC001_AccountRegistrationTest - Providing customer details
15:41:16.914 [main] INFO  testCases.TC001_AccountRegistrationTest - Validating expected message
15:41:19.443 [main] INFO  testCases.TC002_AccountLoginTest - **********Starting  TC002_AccountLoginTest********************
15:41:20.599 [main] INFO  testCases.TC002_AccountLoginTest - **********Finised  TC002_AccountLoginTest********************
15:43:54.298 [main] INFO  org.testng.internal.Utils - [TestNG] Running:
  C:\Workspace\16 sept\Opencart\grouping.xml

15:43:57.634 [main] INFO  testCases.TC001_AccountRegistrationTest - **********Starting  TC001_AccountRegistrationTest********************
15:43:57.856 [main] INFO  testCases.TC001_AccountRegistrationTest - clicked on MyACC link
15:43:58.964 [main] INFO  testCases.TC001_AccountRegistrationTest - clicked on Register link
15:43:58.966 [main] INFO  testCases.TC001_AccountRegistrationTest - Providing customer details
15:44:00.032 [main] INFO  testCases.TC001_AccountRegistrationTest - Validating expected message
15:44:02.353 [main] INFO  testCases.TC002_AccountLoginTest - **********Starting  TC002_AccountLoginTest********************
15:44:03.978 [main] INFO  testCases.TC002_AccountLoginTest - **********Finised  TC002_AccountLoginTest********************
15:50:30.239 [main] INFO  org.testng.internal.Utils - [TestNG] Running:
  C:\Workspace\16 sept\Opencart\grouping.xml

15:50:34.085 [main] INFO  testCases.TC001_AccountRegistrationTest - **********Starting  TC001_AccountRegistrationTest********************
15:50:34.227 [main] INFO  testCases.TC001_AccountRegistrationTest - clicked on MyACC link
15:50:34.615 [main] INFO  testCases.TC001_AccountRegistrationTest - clicked on Register link
15:50:34.617 [main] INFO  testCases.TC001_AccountRegistrationTest - Providing customer details
15:50:35.743 [main] INFO  testCases.TC001_AccountRegistrationTest - Validating expected message
15:50:38.238 [main] INFO  testCases.TC002_AccountLoginTest - **********Starting  TC002_AccountLoginTest********************
15:50:39.474 [main] INFO  testCases.TC002_AccountLoginTest - **********Finised  TC002_AccountLoginTest********************
15:52:27.580 [main] INFO  org.testng.internal.Utils - [TestNG] Running:
  C:\Workspace\16 sept\Opencart\grouping.xml

15:52:33.601 [main] INFO  testCases.TC001_AccountRegistrationTest - **********Starting  TC001_AccountRegistrationTest********************
15:52:33.771 [main] INFO  testCases.TC001_AccountRegistrationTest - clicked on MyACC link
15:52:34.328 [main] INFO  testCases.TC001_AccountRegistrationTest - clicked on Register link
15:52:34.331 [main] INFO  testCases.TC001_AccountRegistrationTest - Providing customer details
15:52:38.541 [main] INFO  testCases.TC001_AccountRegistrationTest - Validating expected message
15:52:44.759 [main] INFO  testCases.TC002_AccountLoginTest - **********Starting  TC002_AccountLoginTest********************
15:52:46.046 [main] INFO  testCases.TC002_AccountLoginTest - **********Finised  TC002_AccountLoginTest********************
09:34:03.210 [main] INFO  org.testng.internal.Utils - [TestNG] Running:
  C:\Workspace\16 sept\Opencart\grouping.xml

09:34:08.268 [main] INFO  testCases.TC001_AccountRegistrationTest - **********Starting  TC001_AccountRegistrationTest********************
09:34:08.373 [main] INFO  testCases.TC001_AccountRegistrationTest - clicked on MyACC link
09:34:08.736 [main] INFO  testCases.TC001_AccountRegistrationTest - clicked on Register link
09:34:08.743 [main] INFO  testCases.TC001_AccountRegistrationTest - Providing customer details
09:34:12.894 [main] INFO  testCases.TC001_AccountRegistrationTest - Validating expected message
09:34:18.097 [main] INFO  testCases.TC002_AccountLoginTest - **********Starting  TC002_AccountLoginTest********************
09:34:19.250 [main] INFO  testCases.TC002_AccountLoginTest - **********Finised  TC002_AccountLoginTest********************
09:57:40.459 [main] INFO  org.testng.internal.Utils - [TestNG] Running:
  C:\Workspace\16 sept\Opencart\grouping.xml

09:57:46.779 [main] INFO  testCases.TC001_AccountRegistrationTest - **********Starting  TC001_AccountRegistrationTest********************
09:57:46.938 [main] INFO  testCases.TC001_AccountRegistrationTest - clicked on MyACC link
09:57:47.478 [main] INFO  testCases.TC001_AccountRegistrationTest - clicked on Register link
09:57:47.483 [main] INFO  testCases.TC001_AccountRegistrationTest - Providing customer details
09:57:51.860 [main] INFO  testCases.TC001_AccountRegistrationTest - Validating expected message
09:57:57.912 [main] INFO  testCases.TC002_AccountLoginTest - **********Starting  TC002_AccountLoginTest********************
