11:21:12.185 [main] INFO  org.testng.internal.Utils - [TestNG] Running:
  C:\Workspace\16 sept\Opencart\master.xml

11:26:17.157 [main] INFO  testCases.TC002_AccountLoginTest - **********Starting  TC002_AccountLoginTest********************
11:26:18.435 [main] INFO  testCases.TC002_AccountLoginTest - **********Finised  TC002_AccountLoginTest********************
11:26:22.248 [main] INFO  testCases.TC003_LoginDDTTest - **********Starting  TC003_verify_loginDDt********************
11:26:23.640 [main] INFO  testCases.TC003_LoginDDTTest - **********Finised  TC003_verify_loginDDt********************
11:26:23.643 [main] INFO  testCases.TC003_LoginDDTTest - **********Starting  TC003_verify_loginDDt********************
11:26:24.962 [main] INFO  testCases.TC003_LoginDDTTest - **********Finised  TC003_verify_loginDDt********************
11:26:24.966 [main] INFO  testCases.TC003_LoginDDTTest - **********Starting  TC003_verify_loginDDt********************
11:26:46.059 [main] INFO  testCases.TC003_LoginDDTTest - **********Starting  TC003_verify_loginDDt********************
11:57:28.145 [main] INFO  testCases.TC002_AccountLoginTest - **********Starting  TC002_AccountLoginTest********************
11:57:29.486 [main] INFO  testCases.TC002_AccountLoginTest - **********Finised  TC002_AccountLoginTest********************
11:57:33.840 [main] INFO  testCases.TC003_LoginDDTTest - **********Starting  TC003_verify_loginDDt********************
11:57:35.193 [main] INFO  testCases.TC003_LoginDDTTest - **********Finised  TC003_verify_loginDDt********************
11:57:35.195 [main] INFO  testCases.TC003_LoginDDTTest - **********Starting  TC003_verify_loginDDt********************
11:57:36.471 [main] INFO  testCases.TC003_LoginDDTTest - **********Finised  TC003_verify_loginDDt********************
11:57:36.473 [main] INFO  testCases.TC003_LoginDDTTest - **********Starting  TC003_verify_loginDDt********************
11:57:57.611 [main] INFO  testCases.TC003_LoginDDTTest - **********Starting  TC003_verify_loginDDt********************
12:07:05.816 [main] INFO  testCases.TC002_AccountLoginTest - **********Starting  TC002_AccountLoginTest********************
12:07:07.141 [main] INFO  testCases.TC002_AccountLoginTest - **********Finised  TC002_AccountLoginTest********************
12:07:10.502 [main] INFO  testCases.TC003_LoginDDTTest - **********Starting  TC003_verify_loginDDt********************
12:07:11.914 [main] INFO  testCases.TC003_LoginDDTTest - **********Finised  TC003_verify_loginDDt********************
12:07:11.915 [main] INFO  testCases.TC003_LoginDDTTest - **********Starting  TC003_verify_loginDDt********************
12:07:13.271 [main] INFO  testCases.TC003_LoginDDTTest - **********Finised  TC003_verify_loginDDt********************
12:07:13.273 [main] INFO  testCases.TC003_LoginDDTTest - **********Starting  TC003_verify_loginDDt********************
12:07:34.333 [main] INFO  testCases.TC003_LoginDDTTest - **********Starting  TC003_verify_loginDDt********************
12:09:01.332 [main] INFO  testCases.TC002_AccountLoginTest - **********Starting  TC002_AccountLoginTest********************
12:09:02.816 [main] INFO  testCases.TC002_AccountLoginTest - **********Finised  TC002_AccountLoginTest********************
12:09:06.099 [main] INFO  testCases.TC003_LoginDDTTest - **********Starting  TC003_verify_loginDDt********************
12:09:07.526 [main] INFO  testCases.TC003_LoginDDTTest - **********Finised  TC003_verify_loginDDt********************
12:09:07.527 [main] INFO  testCases.TC003_LoginDDTTest - **********Starting  TC003_verify_loginDDt********************
12:09:09.074 [main] INFO  testCases.TC003_LoginDDTTest - **********Finised  TC003_verify_loginDDt********************
12:09:09.076 [main] INFO  testCases.TC003_LoginDDTTest - **********Starting  TC003_verify_loginDDt********************
12:09:30.238 [main] INFO  testCases.TC003_LoginDDTTest - **********Starting  TC003_verify_loginDDt********************
12:09:31.205 [main] INFO  testCases.TC002_AccountLoginTest - **********Starting  TC002_AccountLoginTest********************
12:09:32.537 [main] INFO  testCases.TC002_AccountLoginTest - **********Finised  TC002_AccountLoginTest********************
12:09:35.561 [main] INFO  testCases.TC003_LoginDDTTest - **********Starting  TC003_verify_loginDDt********************
12:09:36.969 [main] INFO  testCases.TC003_LoginDDTTest - **********Finised  TC003_verify_loginDDt********************
12:09:36.970 [main] INFO  testCases.TC003_LoginDDTTest - **********Starting  TC003_verify_loginDDt********************
12:09:38.282 [main] INFO  testCases.TC003_LoginDDTTest - **********Finised  TC003_verify_loginDDt********************
12:09:38.286 [main] INFO  testCases.TC003_LoginDDTTest - **********Starting  TC003_verify_loginDDt********************
12:09:59.443 [main] INFO  testCases.TC003_LoginDDTTest - **********Starting  TC003_verify_loginDDt********************
