10:41:15.528 [main] INFO  testCases.TC001_AccountRegistrationTest - clicked on MyACC link
10:41:15.937 [main] INFO  testCases.TC001_AccountRegistrationTest - clicked on Register link
10:41:15.939 [main] INFO  testCases.TC001_AccountRegistrationTest - Providing customer details
10:41:17.029 [main] INFO  testCases.TC001_AccountRegistrationTest - Validating expected message
10:41:17.061 [main] INFO  testCases.TC001_AccountRegistrationTest - *******Finished TC001_AccountRegistrationTest***********
10:41:18.999 [main] INFO  testCases.TC002_AccountLoginTest - **********Starting  TC002_AccountLoginTest********************
10:41:20.282 [main] INFO  testCases.TC002_AccountLoginTest - **********Finised  TC002_AccountLoginTest********************
10:52:15.526 [main] INFO  org.testng.internal.Utils - [TestNG] Running:
  C:\Workspace\16 sept\Opencartv121\master.xml

10:52:21.638 [main] INFO  testCases.TC002_AccountLoginTest - **********Starting  TC002_AccountLoginTest********************
10:52:22.996 [main] INFO  testCases.TC002_AccountLoginTest - **********Finised  TC002_AccountLoginTest********************
10:52:27.317 [main] INFO  testCases.TC003_LoginDDTTest - **********Starting  TC003_verify_loginDDt********************
10:52:29.270 [main] INFO  testCases.TC003_LoginDDTTest - **********Finised  TC003_verify_loginDDt********************
10:52:29.272 [main] INFO  testCases.TC003_LoginDDTTest - **********Starting  TC003_verify_loginDDt********************
10:52:30.677 [main] INFO  testCases.TC003_LoginDDTTest - **********Finised  TC003_verify_loginDDt********************
10:52:30.680 [main] INFO  testCases.TC003_LoginDDTTest - **********Starting  TC003_verify_loginDDt********************
10:52:51.676 [main] INFO  testCases.TC003_LoginDDTTest - **********Starting  TC003_verify_loginDDt********************
16:15:23.071 [main] INFO  org.testng.internal.Utils - [TestNG] Running:
  C:\Workspace\16 sept\Opencartv121\grouping.xml

16:15:30.880 [main] INFO  testCases.TC001_AccountRegistrationTest - **********Starting  TC001_AccountRegistrationTest********************
16:15:31.018 [main] INFO  testCases.TC001_AccountRegistrationTest - clicked on MyACC link
16:15:31.415 [main] INFO  testCases.TC001_AccountRegistrationTest - clicked on Register link
16:15:31.418 [main] INFO  testCases.TC001_AccountRegistrationTest - Providing customer details
16:15:32.533 [main] INFO  testCases.TC001_AccountRegistrationTest - Validating expected message
16:15:32.570 [main] INFO  testCases.TC001_AccountRegistrationTest - *******Finished TC001_AccountRegistrationTest***********
16:15:34.808 [main] INFO  testCases.TC002_AccountLoginTest - **********Starting  TC002_AccountLoginTest********************
16:15:36.014 [main] INFO  testCases.TC002_AccountLoginTest - **********Finised  TC002_AccountLoginTest********************
16:16:29.641 [main] INFO  org.testng.internal.Utils - [TestNG] Running:
  C:\Workspace\16 sept\Opencartv121\grouping.xml

16:16:31.921 [main] INFO  testCases.TC001_AccountRegistrationTest - **********Starting  TC001_AccountRegistrationTest********************
16:16:32.023 [main] INFO  testCases.TC001_AccountRegistrationTest - clicked on MyACC link
16:16:32.483 [main] INFO  testCases.TC001_AccountRegistrationTest - clicked on Register link
16:16:32.485 [main] INFO  testCases.TC001_AccountRegistrationTest - Providing customer details
16:16:33.471 [main] INFO  testCases.TC001_AccountRegistrationTest - Validating expected message
16:16:33.503 [main] INFO  testCases.TC001_AccountRegistrationTest - *******Finished TC001_AccountRegistrationTest***********
16:16:35.357 [main] INFO  testCases.TC002_AccountLoginTest - **********Starting  TC002_AccountLoginTest********************
16:16:36.502 [main] INFO  testCases.TC002_AccountLoginTest - **********Finised  TC002_AccountLoginTest********************
16:19:32.564 [main] INFO  org.testng.internal.Utils - [TestNG] Running:
  C:\Workspace\16 sept\Opencartv121\grouping.xml

16:19:34.953 [main] INFO  testCases.TC001_AccountRegistrationTest - **********Starting  TC001_AccountRegistrationTest********************
16:19:35.056 [main] INFO  testCases.TC001_AccountRegistrationTest - clicked on MyACC link
16:19:35.428 [main] INFO  testCases.TC001_AccountRegistrationTest - clicked on Register link
16:19:35.429 [main] INFO  testCases.TC001_AccountRegistrationTest - Providing customer details
16:19:36.590 [main] INFO  testCases.TC001_AccountRegistrationTest - Validating expected message
16:19:36.640 [main] INFO  testCases.TC001_AccountRegistrationTest - *******Finished TC001_AccountRegistrationTest***********
16:19:38.795 [main] INFO  testCases.TC002_AccountLoginTest - **********Starting  TC002_AccountLoginTest********************
16:19:39.955 [main] INFO  testCases.TC002_AccountLoginTest - **********Finised  TC002_AccountLoginTest********************
17:32:27.092 [main] INFO  org.testng.internal.Utils - [TestNG] Running:
  C:\Workspace\16 sept\Opencartv121\grouping.xml

